app/build/intermediates/manifest_merge_blame_file/debug/manifest-merger-blame-debug-report.txt
1<?xml version="1.0" encoding="utf-8"?>
2<manifest xmlns:android="http://schemas.android.com/apk/res/android"
3    package="com.tide.spacex"
4    android:versionCode="1"
5    android:versionName="1.0" >
6
7    <uses-sdk
8        android:minSdkVersion="24"
8-->src/main/AndroidManifest.xml
9        android:targetSdkVersion="30" />
9-->src/main/AndroidManifest.xml
10
11    <uses-permission android:name="android.permission.INTERNET" />
11-->src/main/AndroidManifest.xml:5:5-67
11-->src/main/AndroidManifest.xml:5:22-64
12    <uses-permission android:name="android.permission.ACCESS_NETWORK_STATE" />
12-->src/main/AndroidManifest.xml:6:5-79
12-->src/main/AndroidManifest.xml:6:22-76
13
14    <application
14-->src/main/AndroidManifest.xml:8:5-26:19
15        android:name="com.androidmvi.SpaceXApplication"
15-->src/main/AndroidManifest.xml:9:9-56
16        android:allowBackup="true"
16-->src/main/AndroidManifest.xml:10:9-35
17        android:appComponentFactory="androidx.core.app.CoreComponentFactory"
17-->[androidx.core:core:1.5.0] AndroidManifest.xml:24:18-86
18        android:debuggable="true"
19        android:extractNativeLibs="false"
20        android:icon="@drawable/spacexlogo"
20-->src/main/AndroidManifest.xml:11:9-44
21        android:label="@string/app_name"
21-->src/main/AndroidManifest.xml:12:9-41
22        android:roundIcon="@drawable/spacexlogo"
22-->src/main/AndroidManifest.xml:13:9-49
23        android:screenOrientation="portrait"
23-->src/main/AndroidManifest.xml:14:9-45
24        android:supportsRtl="true"
24-->src/main/AndroidManifest.xml:15:9-35
25        android:testOnly="true"
26        android:theme="@style/Theme.Tideandroidspacex" >
26-->src/main/AndroidManifest.xml:16:9-55
27        <activity
27-->src/main/AndroidManifest.xml:17:9-25:20
28            android:name="com.androidmvi.spacex.splash.SplashActivity"
28-->src/main/AndroidManifest.xml:18:13-71
29            android:theme="@style/Theme.AppCompat.Light.NoActionBar" >
29-->src/main/AndroidManifest.xml:19:13-69
30            <intent-filter>
30-->src/main/AndroidManifest.xml:20:13-24:29
31                <action android:name="android.intent.action.MAIN" />
31-->src/main/AndroidManifest.xml:21:17-69
31-->src/main/AndroidManifest.xml:21:25-66
32
33                <category android:name="android.intent.category.LAUNCHER" />
33-->src/main/AndroidManifest.xml:23:17-77
33-->src/main/AndroidManifest.xml:23:27-74
34            </intent-filter>
35        </activity>
36        <activity
36-->[:android-sample-mvi-ui] AndroidManifest.xml:10:9-19:20
37            android:name="com.androidmvi.spacex.ui.MainActivity"
37-->[:android-sample-mvi-ui] AndroidManifest.xml:11:13-65
38            android:label="@string/app_name"
38-->[:android-sample-mvi-ui] AndroidManifest.xml:12:13-45
39            android:screenOrientation="portrait"
39-->[:android-sample-mvi-ui] AndroidManifest.xml:13:13-49
40            android:theme="@style/Theme.Tideandroidspacex"
40-->[:android-sample-mvi-ui] AndroidManifest.xml:14:13-59
41            android:windowSoftInputMode="stateHidden" >
41-->[:android-sample-mvi-ui] AndroidManifest.xml:15:13-54
42            <intent-filter>
42-->[:android-sample-mvi-ui] AndroidManifest.xml:16:13-18:29
43                <category android:name="android.intent.category.DEFAULT" />
43-->[:android-sample-mvi-ui] AndroidManifest.xml:17:17-76
43-->[:android-sample-mvi-ui] AndroidManifest.xml:17:27-73
44            </intent-filter>
45        </activity>
46
47        <provider
47-->[androidx.lifecycle:lifecycle-process:2.2.0] AndroidManifest.xml:25:9-29:43
48            android:name="androidx.lifecycle.ProcessLifecycleOwnerInitializer"
48-->[androidx.lifecycle:lifecycle-process:2.2.0] AndroidManifest.xml:26:13-79
49            android:authorities="com.tide.spacex.lifecycle-process"
49-->[androidx.lifecycle:lifecycle-process:2.2.0] AndroidManifest.xml:27:13-69
50            android:exported="false"
50-->[androidx.lifecycle:lifecycle-process:2.2.0] AndroidManifest.xml:28:13-37
51            android:multiprocess="true" />
51-->[androidx.lifecycle:lifecycle-process:2.2.0] AndroidManifest.xml:29:13-40
52    </application>
53
54</manifest>